 low key code:0x35CAFD01
6 16777235 
msec:7481
 low key code:0x31CEFD01
6 16777220 
msec:520
QWebFrame(0x13a3778)  QUrl( "http://10.191.85.203:83/iPanelTest/app/play.htm" )  
 QUrl( "http://10.191.85.203:83/iPanelTest/app/play.htm" )  -----234234------------------------------------ 
QWebFrame(0x13a3778)  QUrl( "http://10.191.85.203:83/iPanelTest/app/play.htm" )  5 
slotMainFrameLoadStarted ---------------------------statr load----------------------- 
progress:10
--->WebBrowser::slotInitJsObjects enter 
--->WebWidget::slotInitJsObjects enter  QWebFrame(0x13a3778)   CGlueExpand(0x148eac8) 
--->WebWidget::InstallJavaObjects 
[InstallJavaObjects] out-
--->WebWidget::slotInitJsObjects exit  QWebFrame(0x13a3778)   CGlueExpand(0x148eac8) 
progress:32
undefined: JS ERROR: TypeError: 'undefined' is not an object
undefined: JS ERROR: ReferenceError: Can't find variable: $MP
Connecting to js.rifestone.com:8765 (10.255.134.21:8765)
wget: can't connect to remote host (10.255.134.21): Connection refused
progress:100
getCurUrl "http://10.191.85.203:83/iPanelTest/app/play.htm" 
TimerSlot 52 curTsid: 101 curServicdID: 101 
[GetADInfo]:type=0x1389
[AD:3]INS_ADV_API_GetAdvDataDir:/app/adv/save/adv/element
[AD:3]================INS_ADV_API_GetAllDataByType,2406,advtype 5001
[AD:3]localTime is 2017-11-6 15:58
[AD:3]begin:1970-1-1 0:0, end:2016-9-9 0:0
[AD:3]INS_ADV_API_GetAllDataByType,2428:not in valid time
[AD:3]====kkkkkkk===========INS_ADV_API_GetAllDataByType,2521
[AD:3]================INS_ADV_API_GetAllDataByType,2523:no picture your need
GetADInfo,error:no  pic,type=0x1389
TimerSlot 58 has reported ad hanning pic now return 
 low key code:0x738CFD01
6 16777239 
msec:2892
seek second: -20 
 low key code:0x738CFD01
 low key code:0x738CFD01
6 16777239 
msec:824
seek second: -20 
 low key code:0x738CFD01
 low key code:0x738CFD01
6 16777239 
msec:745
seek second: -20 
 low key code:0x738CFD01
 low key code:0x22DDFD01
6 16777238 
msec:967
 low key code:0x22DDFD01
Connecting to js.rifestone.com:8765 (10.255.134.21:8765)
wget: can't connect to remote host (10.255.134.21): Connection refused
 low key code:0x22DDFD01
6 16777238 
msec:530
 low key code:0x22DDFD01
 low key code:0x22DDFD01
6 16777238 
msec:626
 low key code:0x22DDFD01
TimerSlot 52 curTsid: 101 curServicdID: 101 
[GetADInfo]:type=0x1389
[AD:3]INS_ADV_API_GetAdvDataDir:/app/adv/save/adv/element
[AD:3]================INS_ADV_API_GetAllDataByType,2406,advtype 5001
[AD:3]localTime is 2017-11-6 15:58
[AD:3]begin:1970-1-1 0:0, end:2016-9-9 0:0
[AD:3]INS_ADV_API_GetAllDataByType,2428:not in valid time
[AD:3]====kkkkkkk===========INS_ADV_API_GetAllDataByType,2521
[AD:3]================INS_ADV_API_GetAllDataByType,2523:no picture your need
GetADInfo,error:no  pic,type=0x1389
TimerSlot 58 has reported ad hanning pic now return 
