 low key code:0x31CEFD01
6 16777220 
msec:10268
QWebFrame(0x13a3778)  QUrl( "http://10.191.85.203:83/iPanelTest/app/play.htm" )  
 QUrl( "http://10.191.85.203:83/iPanelTest/app/play.htm" )  -----234234------------------------------------ 
QWebFrame(0x13a3778)  QUrl( "http://10.191.85.203:83/iPanelTest/app/play.htm" )  5 
slotMainFrameLoadStarted ---------------------------statr load----------------------- 
progress:10
--->WebBrowser::slotInitJsObjects enter 
--->WebWidget::slotInitJsObjects enter  QWebFrame(0x13a3778)   CGlueExpand(0x148eac8) 
--->WebWidget::InstallJavaObjects 
[InstallJavaObjects] out-
--->WebWidget::slotInitJsObjects exit  QWebFrame(0x13a3778)   CGlueExpand(0x148eac8) 
progress:37
Connecting to js.rifestone.com:8765 (10.255.134.21:8765)
wget: can't connect to remote host (10.255.134.21): Connection refused
progress:50
play the channel is the same as the last channel 
set_video_window videowindow 0 0 1280 720 1 
iSTB_API_Player_SetVideoIOWindow(s_pHandle[Playerindex-1], inputWin, outputWin) success at 999 line
progress:100
getCurUrl "http://10.191.85.203:83/iPanelTest/app/play.htm" 
 low key code:0x738CFD01
6 16777239 
msec:2119
 low key code:0x738CFD01
TimerSlot 52 curTsid: 101 curServicdID: 101 
[GetADInfo]:type=0x1389
[AD:3]INS_ADV_API_GetAdvDataDir:/app/adv/save/adv/element
[AD:3]================INS_ADV_API_GetAllDataByType,2406,advtype 5001
[AD:3]localTime is 2017-11-6 15:2
[AD:3]begin:1970-1-1 0:0, end:2016-9-9 0:0
[AD:3]INS_ADV_API_GetAllDataByType,2428:not in valid time
[AD:3]====kkkkkkk===========INS_ADV_API_GetAllDataByType,2521
[AD:3]================INS_ADV_API_GetAllDataByType,2523:no picture your need
GetADInfo,error:no  pic,type=0x1389
TimerSlot 58 has reported ad hanning pic now return 
 low key code:0x738CFD01
6 16777239 
msec:2751
 low key code:0x738CFD01
Connecting to js.rifestone.com:8765 (10.255.134.21:8765)
wget: can't connect to remote host (10.255.134.21): Connection refused
 low key code:0x738CFD01
6 16777239 
msec:1508
 low key code:0x738CFD01
 low key code:0x22DDFD01
6 16777238 
msec:1209
seek second: -20 
 low key code:0x22DDFD01
 low key code:0x22DDFD01
6 16777238 
msec:1925
seek second: -20 
 low key code:0x22DDFD01
 low key code:0x22DDFD01
6 16777238 
msec:1119
seek second: -20 
 low key code:0x22DDFD01
Connecting to js.rifestone.com:8765 (10.255.134.21:8765)
wget: can't connect to remote host (10.255.134.21): Connection refused
TimerSlot 52 curTsid: 101 curServicdID: 101 
[GetADInfo]:type=0x1389
[AD:3]INS_ADV_API_GetAdvDataDir:/app/adv/save/adv/element
[AD:3]================INS_ADV_API_GetAllDataByType,2406,advtype 5001
[AD:3]localTime is 2017-11-6 15:3
[AD:3]begin:1970-1-1 0:0, end:2016-9-9 0:0
[AD:3]INS_ADV_API_GetAllDataByType,2428:not in valid time
[AD:3]====kkkkkkk===========INS_ADV_API_GetAllDataByType,2521
[AD:3]================INS_ADV_API_GetAllDataByType,2523:no picture your need
GetADInfo,error:no  pic,type=0x1389
TimerSlot 58 has reported ad hanning pic now return 
